0	1	mikroCPIC1618.exe -MSF -DBG -pP16F877A -DL -O11111114 -fo16 -N"F:\MP Lab tutorials\YouTube\Tutorial pic16\MikroC\Final\Temperature\MyProject.mcppi" -SP"D:\MikroC\mikroC PRO for PIC\Defs\" -SP"D:\MikroC\mikroC PRO for PIC\Uses\P16\" -SP"F:\MP Lab tutorials\YouTube\Tutorial pic16\MikroC\Final\Temperature\" -IP"D:\MikroC\mikroC PRO for PIC\Uses\P16\" "MyProject.c" "__Lib_Math.mcl" "__Lib_MathDouble.mcl" "__Lib_System.mcl" "__Lib_Delays.mcl" "__Lib_CString.mcl" "__Lib_Conversions.mcl" "__Lib_ADC_A_C.mcl" "__Lib_UART_c67.mcl" "__Lib_LcdConsts.mcl" "__Lib_Lcd.mcl"	 
hint: 0	1139	Available RAM: 352 [bytes], Available ROM: 8192 [bytes]	 
diagnostics: 0	122	Compilation Started	MyProject.c
warning: 110	1509	Generated baud rate is 9615 bps (error = 0.16 percent)	MyProject.c
diagnostics: 221	123	Compiled Successfully	MyProject.c
diagnostics: 0	127	All files Compiled in 109 ms	 
warning: 0	1511	IRP bit must be set manually for indirect access to '	MyProject.c
0	0		
warning: 27	1511	IRP bit must be set manually for indirect access to 'text' variable	MyProject.c
warning: 0	1511	IRP bit must be set manually for indirect access to '	MyProject.c
0	0		
warning: 0	1511	IRP bit must be set manually for indirect access to '	MyProject.c
0	0		
warning: 0	1511	IRP bit must be set manually for indirect access to '	MyProject.c
0	0		
warning: 0	1511	IRP bit must be set manually for indirect access to '	MyProject.c
0	0		
warning: 0	1511	IRP bit must be set manually for indirect access to '	MyProject.c
0	0		
warning: 0	1511	IRP bit must be set manually for indirect access to '	MyProject.c
0	0		
warning: 0	1511	IRP bit must be set manually for indirect access to '	MyProject.c
0	0		
hint: 0	1144	Used RAM (bytes): 297 (84%)  Free RAM (bytes): 55 (16%)	Used RAM (bytes): 297 (84%)  Free RAM (bytes): 55 (16%)
hint: 0	1144	Used ROM (program words): 1953 (24%)  Free ROM (program words): 6239 (76%)	Used ROM (program words): 1953 (24%)  Free ROM (program words): 6239 (76%)
diagnostics: 0	125	Project Linked Successfully	MyProject.mcppi
diagnostics: 0	128	Linked in 32 ms	 
diagnostics: 0	129	Project 'MyProject.mcppi' completed: 157 ms	 
diagnostics: 0	103	Finished successfully: 22 Aug 2022, 22:31:10	MyProject.mcppi
